<?xml version="1.0" encoding="UTF-8"?>
<!-- Generated by org.testng.reporters.JUnitReportReporter -->
<testsuite hostname="Mamatha-PC" name="rest.api.automation.testGetRequest" tests="1" failures="0" timestamp="20 Mar 2017 11:05:28 GMT" time="2.138" errors="0">
  <testcase name="testGet" time="2.138" classname="rest.api.automation.testGetRequest"/>
</testsuite> <!-- rest.api.automation.testGetRequest -->
